Mamy M=3 zmiennych służących do klasyfikowania cech. Algorytm budowania lasu losowego zwykle nie wykorzystuje wszystkich zmiennych do wyprowadzania rozgałęzień z węzłów. W tym przypadku ograniczamy się do 3. Im większa wartość m, tym silniejszy klasyfikator, jednocześnie jednak większa podatność na polaryzację przy zwiększaniu liczebności danych wejściowych. Lepszym rozwiązaniem jest konstruowanie większej liczby drzew decyzyjnych opartych na słabych klasyfikatorach, bowiem ich kombinacja daje wyniki porównywalne z silnym klasyfikatorem.W celu wyeliminowania polaryzacji z lasu wynikowego powinniśmy przyjmować wartość m nieco mniejszą niż M. 
Zalecaną wartością m jest m=min(M,math.ceil(2*math.sqrt(M)))=min(M,math.ceil(2*math.sqrt(3)))=3.
We are given the following features:
[['brak', 'zimna', 'nie'], ['brak', 'ciep\xc5\x82a', 'nie'], ['bikini', 'zimna', 'nie'], ['bikini', 'ciep\xc5\x82a', 'nie'], ['kostium', 'zimna', 'nie'], ['kostium', 'ciep\xc5\x82a', 'tak']]
 When constructing a random decision tree as a part of a random forest, we will choose only a subset out of them in a random way with the replacement.

*** Konstruowanie lasu losowego ***
Konstruowanie lasu losowego składającego się z 2 losowych drzew decyzyjnych.

Budowanie losowego drzewa decyzyjnego nr 0:
Dane wejściowe  obejmują 6 cech, spośród których losujemy ze zwracaniem 6 w celu zbudwania niniejszego losowego drzewa decyzyjnego: 
[['brak', 'ciep\xc5\x82a', 'nie'], ['kostium', 'zimna', 'nie'], ['kostium', 'ciep\xc5\x82a', 'tak'], ['kostium', 'zimna', 'nie'], ['bikini', 'zimna', 'nie'], ['brak', 'ciep\xc5\x82a', 'nie']]
Rozpoczynamy budowę od korzenia jako pierwszego węzła w drzewie.
Dodajemy węzły potomne do węzła [korzeń].
Zmienne, które obecnie sa dostępne, to ['str\xc3\xb3j_k\xc4\x85pielowy', 'woda']. Ponieważ jest ich mniej niż wszkazuje parametr m=3, uwzględniamy je wszystkie. Wśród dostepnych zmiennych największy zysk informacyjny daje zmienna strój_kąpielowy. Wykorzystujemy ją więc jako kryterium podziału.Jednocześnie usuwamy ją z listy dostępnych zmiennych dla potomków bieżącego węzła. Wykorzystując zmienną strój_kąpielowy partycjonujemy dane w bieżącym węźle,  gdzie każda partycja s\danych stanowi jedną z nowych gałęzi wychodzących z bieżącego węzła [korzeń]. utworzono następujące partycje:
Partycja dla strój_kąpielowy=brak: [['brak', 'ciep\xc5\x82a', 'nie'], ['brak', 'ciep\xc5\x82a', 'nie']]
Partycja dla strój_kąpielowy=kostium: [['kostium', 'zimna', 'nie'], ['kostium', 'ciep\xc5\x82a', 'tak'], ['kostium', 'zimna', 'nie']]
Partycja dla strój_kąpielowy=bikini: [['bikini', 'zimna', 'nie']]
Teraz. mając partycje, tworzymy gałęzie i węzły potomne.

Dodajemy węzeł potomny [strój_kąpielowy=brak] do węzła [korzeń]. Ta gałąź klasyfikuje 2 atrybut(ów): [['brak', 'ciep\xc5\x82a', 'nie'], ['brak', 'ciep\xc5\x82a', 'nie']]
Dodajemy węzły potomne do węzła [strój_kąpielowy=brak].
Zmienne, które obecnie sa dostępne, to ['woda']. Ponieważ jest ich mniej niż wszkazuje parametr m=3, uwzględniamy je wszystkie. Wśród dostepnych zmiennych największy zysk informacyjny daje zmienna woda. Wykorzystujemy ją więc jako kryterium podziału.Jednocześnie usuwamy ją z listy dostępnych zmiennych dla potomków bieżącego węzła. Dla wybranej zmiennej woda wszystkie dostępne atrybuty mają tę samą wartość ciepła. Dołączamy więc liść do gałęzi. Dodajemy liść [pływamy=nie].

Dodajemy węzeł potomny [strój_kąpielowy=kostium] do węzła [korzeń]. Ta gałąź klasyfikuje 3 atrybut(ów): [['kostium', 'zimna', 'nie'], ['kostium', 'ciep\xc5\x82a', 'tak'], ['kostium', 'zimna', 'nie']]
Dodajemy węzły potomne do węzła [strój_kąpielowy=kostium].
Zmienne, które obecnie sa dostępne, to ['woda']. Ponieważ jest ich mniej niż wszkazuje parametr m=3, uwzględniamy je wszystkie. Wśród dostepnych zmiennych największy zysk informacyjny daje zmienna woda. Wykorzystujemy ją więc jako kryterium podziału.Jednocześnie usuwamy ją z listy dostępnych zmiennych dla potomków bieżącego węzła. Wykorzystując zmienną woda partycjonujemy dane w bieżącym węźle,  gdzie każda partycja s\danych stanowi jedną z nowych gałęzi wychodzących z bieżącego węzła [strój_kąpielowy=kostium]. utworzono następujące partycje:
Partycja dla woda=ciepła: [['kostium', 'ciep\xc5\x82a', 'tak']]
Partycja dla woda=zimna: [['kostium', 'zimna', 'nie'], ['kostium', 'zimna', 'nie']]
Teraz. mając partycje, tworzymy gałęzie i węzły potomne.

Dodajemy węzeł potomny [woda=ciepła] do węzła [strój_kąpielowy=kostium]. Ta gałąź klasyfikuje 1 atrybut(ów): [['kostium', 'ciep\xc5\x82a', 'tak']]
Nie dysponujemy żadnym atrybutem, na podstawie którego moglibyśmy dokonać podziału, dodajemy zatem liść do bieżącej gałęzi. Dodajemy liść [pływamy=tak].

Dodajemy węzeł potomny [woda=zimna] do węzła [strój_kąpielowy=kostium]. Ta gałąź klasyfikuje 2 atrybut(ów): [['kostium', 'zimna', 'nie'], ['kostium', 'zimna', 'nie']]
Nie dysponujemy żadnym atrybutem, na podstawie którego moglibyśmy dokonać podziału, dodajemy zatem liść do bieżącej gałęzi. Dodajemy liść [pływamy=nie].

Dodaliśmy wszystkie węzły potomne do węzła [strój_kąpielowy=kostium].

Dodajemy węzeł potomny [strój_kąpielowy=bikini] do węzła [korzeń]. Ta gałąź klasyfikuje 1 atrybut(ów): [['bikini', 'zimna', 'nie']]
Dodajemy węzły potomne do węzła [strój_kąpielowy=bikini].
Zmienne, które obecnie sa dostępne, to ['woda']. Ponieważ jest ich mniej niż wszkazuje parametr m=3, uwzględniamy je wszystkie. Wśród dostepnych zmiennych największy zysk informacyjny daje zmienna woda. Wykorzystujemy ją więc jako kryterium podziału.Jednocześnie usuwamy ją z listy dostępnych zmiennych dla potomków bieżącego węzła. Dla wybranej zmiennej woda wszystkie dostępne atrybuty mają tę samą wartość zimna. Dołączamy więc liść do gałęzi. Dodajemy liść [pływamy=nie].

Dodaliśmy wszystkie węzły potomne do węzła [korzeń].

Budowanie losowego drzewa decyzyjnego nr 1:
Dane wejściowe  obejmują 6 cech, spośród których losujemy ze zwracaniem 6 w celu zbudwania niniejszego losowego drzewa decyzyjnego: 
[['kostium', 'ciep\xc5\x82a', 'tak'], ['bikini', 'zimna', 'nie'], ['kostium', 'ciep\xc5\x82a', 'tak'], ['kostium', 'ciep\xc5\x82a', 'tak'], ['brak', 'zimna', 'nie'], ['bikini', 'zimna', 'nie']]
Rozpoczynamy budowę od korzenia jako pierwszego węzła w drzewie.
Dodajemy węzły potomne do węzła [korzeń].
Zmienne, które obecnie sa dostępne, to ['str\xc3\xb3j_k\xc4\x85pielowy', 'woda']. Ponieważ jest ich mniej niż wszkazuje parametr m=3, uwzględniamy je wszystkie. Wśród dostepnych zmiennych największy zysk informacyjny daje zmienna strój_kąpielowy. Wykorzystujemy ją więc jako kryterium podziału.Jednocześnie usuwamy ją z listy dostępnych zmiennych dla potomków bieżącego węzła. Wykorzystując zmienną strój_kąpielowy partycjonujemy dane w bieżącym węźle,  gdzie każda partycja s\danych stanowi jedną z nowych gałęzi wychodzących z bieżącego węzła [korzeń]. utworzono następujące partycje:
Partycja dla strój_kąpielowy=brak: [['brak', 'zimna', 'nie']]
Partycja dla strój_kąpielowy=kostium: [['kostium', 'ciep\xc5\x82a', 'tak'], ['kostium', 'ciep\xc5\x82a', 'tak'], ['kostium', 'ciep\xc5\x82a', 'tak']]
Partycja dla strój_kąpielowy=bikini: [['bikini', 'zimna', 'nie'], ['bikini', 'zimna', 'nie']]
Teraz. mając partycje, tworzymy gałęzie i węzły potomne.

Dodajemy węzeł potomny [strój_kąpielowy=brak] do węzła [korzeń]. Ta gałąź klasyfikuje 1 atrybut(ów): [['brak', 'zimna', 'nie']]
Dodajemy węzły potomne do węzła [strój_kąpielowy=brak].
Zmienne, które obecnie sa dostępne, to ['woda']. Ponieważ jest ich mniej niż wszkazuje parametr m=3, uwzględniamy je wszystkie. Wśród dostepnych zmiennych największy zysk informacyjny daje zmienna woda. Wykorzystujemy ją więc jako kryterium podziału.Jednocześnie usuwamy ją z listy dostępnych zmiennych dla potomków bieżącego węzła. Dla wybranej zmiennej woda wszystkie dostępne atrybuty mają tę samą wartość zimna. Dołączamy więc liść do gałęzi. Dodajemy liść [pływamy=nie].

Dodajemy węzeł potomny [strój_kąpielowy=kostium] do węzła [korzeń]. Ta gałąź klasyfikuje 3 atrybut(ów): [['kostium', 'ciep\xc5\x82a', 'tak'], ['kostium', 'ciep\xc5\x82a', 'tak'], ['kostium', 'ciep\xc5\x82a', 'tak']]
Dodajemy węzły potomne do węzła [strój_kąpielowy=kostium].
Zmienne, które obecnie sa dostępne, to ['woda']. Ponieważ jest ich mniej niż wszkazuje parametr m=3, uwzględniamy je wszystkie. Wśród dostepnych zmiennych największy zysk informacyjny daje zmienna woda. Wykorzystujemy ją więc jako kryterium podziału.Jednocześnie usuwamy ją z listy dostępnych zmiennych dla potomków bieżącego węzła. Dla wybranej zmiennej woda wszystkie dostępne atrybuty mają tę samą wartość ciepła. Dołączamy więc liść do gałęzi. Dodajemy liść [pływamy=tak].

Dodajemy węzeł potomny [strój_kąpielowy=bikini] do węzła [korzeń]. Ta gałąź klasyfikuje 2 atrybut(ów): [['bikini', 'zimna', 'nie'], ['bikini', 'zimna', 'nie']]
Dodajemy węzły potomne do węzła [strój_kąpielowy=bikini].
Zmienne, które obecnie sa dostępne, to ['woda']. Ponieważ jest ich mniej niż wszkazuje parametr m=3, uwzględniamy je wszystkie. Wśród dostepnych zmiennych największy zysk informacyjny daje zmienna woda. Wykorzystujemy ją więc jako kryterium podziału.Jednocześnie usuwamy ją z listy dostępnych zmiennych dla potomków bieżącego węzła. Dla wybranej zmiennej woda wszystkie dostępne atrybuty mają tę samą wartość zimna. Dołączamy więc liść do gałęzi. Dodajemy liść [pływamy=nie].

Dodaliśmy wszystkie węzły potomne do węzła [korzeń].

Zakończono konstruowanie lasu losowego składającego się z 2 losowych drzew decyzyjnych.

*** Graf lasu losowego ***

Drzewo nr 0:
Korzeń
├── [strój_kąpielowy=brak]
│   └── [pływamy=nie]
├── [strój_kąpielowy=kostium]
│   ├── [woda=ciepła]
│   │   └── [pływamy=tak]
│   └── [woda=zimna]
│       └── [pływamy=nie]
└── [strój_kąpielowy=bikini]
    └── [pływamy=nie]

Drzewo nr 1:
Korzeń
├── [strój_kąpielowy=brak]
│   └── [pływamy=nie]
├── [strój_kąpielowy=kostium]
│   └── [pływamy=tak]
└── [strój_kąpielowy=bikini]
    └── [pływamy=nie]

Liczba drzew w lesie losowym: 2.
Makymalna liczba zmiennych uwzglednianych w węźle: 3.

 *** Klasyfikacja ***

Ponieważ do konstrukcji losowego drzewa decyzyjnego wykorzystujemy jedynie podzbiór oryginalnych danych,
 możemy nie dysponować zbiorem cech wystarczającym do zbudowania pełnego drzewa zdolnego do klasyfikowania każdej cechy.
 W takim przypadku drzewo nie zwróci żadnej klasy dla konkretnej cechy i nie będzie uwzględniane w końcowym głosowaniu.


Cecha: ['kostium', 'zimna', '?']
Drzewo nr 0 głosuje na klasę 'nie'
Drzewo nr 1 głosuje na klasę 'tak'
Klasa o największej liczbie głosów to 'tak',
zatem cecha ['kostium', 'zimna', '?'] zostaje zaliczona przez las losowy do klasy 'tak'.
