Konstruowanie drzewa decyzyjnego Liczba elementów danych - 10
[['zimno', 'silny', 'zima', 'nie'], ['ciep\xc5\x82o', 'silny', 'jesie\xc5\x84', 'nie'], ['ciep\xc5\x82o', 'brak', 'lato', 'tak'], ['gor\xc4\x85co', 'brak', 'wiosna', 'nie'], ['gor\xc4\x85co', 's\xc5\x82aby', 'jesie\xc5\x84', 'tak'], ['ciep\xc5\x82o', 's\xc5\x82aby', 'wiosna', 'tak'], ['zimno', 's\xc5\x82aby', 'zima', 'nie'], ['zimno', 'brak', 'wiosna', 'tak'], ['gor\xc4\x85co', 'silny', 'lato', 'tak'], ['ciep\xc5\x82o', 'brak', 'jesie\xc5\x84', 'tak']]

***Drzewo decyzyjne***
Korzeń
├── [Pora_roku=lato]
│   ├── [Temperatura=gorąco]
│   │   └── [Gramy=tak]
│   └── [Temperatura=ciepło]
│       └── [Gramy=tak]
├── [Pora_roku=jesień]
│   ├── [Wiatr=brak]
│   │   └── [Gramy=tak]
│   ├── [Wiatr=silny]
│   │   └── [Gramy=nie]
│   └── [Wiatr=słaby]
│       └── [Gramy=tak]
├── [Pora_roku=zima]
│   └── [Gramy=nie]
└── [Pora_roku=wiosna]
    ├── [Temperatura=zimno]
    │   └── [Gramy=tak]
    ├── [Temperatura=gorąco]
    │   └── [Gramy=nie]
    └── [Temperatura=ciepło]
        └── [Gramy=tak]
