Konstruowanie drzewa decyzyjnego Liczba elementów danych - 10
[['zimno', 'silny', 'pochmurno', 'nie'], ['ciep\xc5\x82o', 'silny', 'pochmurno', 'nie'], ['ciep\xc5\x82o', 'brak', 's\xc5\x82onecznie', 'tak'], ['gor\xc4\x85co', 'brak', 's\xc5\x82onecznie', 'nie'], ['gor\xc4\x85co', 's\xc5\x82aby', 'pochmurno', 'tak'], ['ciep\xc5\x82o', 's\xc5\x82aby', 's\xc5\x82onecznie', 'tak'], ['zimno', 's\xc5\x82aby', 'pochmurno', 'nie'], ['zimno', 'brak', 's\xc5\x82onecznie', 'tak'], ['gor\xc4\x85co', 'silny', 'pochmurno', 'tak'], ['ciep\xc5\x82o', 'brak', 'pochmurno', 'tak']]

***Drzewo decyzyjne***
Korzeń
├── [temperatura=zimno]
│   ├── [wiatr=brak]
│   │   └── [gramy=tak]
│   ├── [wiatr=silny]
│   │   └── [gramy=nie]
│   └── [wiatr=słaby]
│       └── [gramy=nie]
├── [temperatura=gorąco]
│   ├── [wiatr=brak]
│   │   └── [gramy=nie]
│   ├── [wiatr=silny]
│   │   └── [gramy=tak]
│   └── [wiatr=słaby]
│       └── [gramy=tak]
└── [temperatura=ciepło]
    ├── [wiatr=brak]
    │   ├── [słońce=pochmurno]
    │   │   └── [gramy=tak]
    │   └── [słońce=słonecznie]
    │       └── [gramy=tak]
    ├── [wiatr=silny]
    │   └── [gramy=nie]
    └── [wiatr=słaby]
        └── [gramy=tak]
